<?xml version="1.0" encoding="UTF-8"?>
<!-- Generated by org.testng.reporters.JUnitXMLReporter -->
<testsuite ignored="0" hostname="IN-BAV-L0832" failures="1" tests="1" name="Sprint1(failed)" time="0.045" errors="0" timestamp="2021-02-17T18:55:15 IST">
  <testcase classname="TestNGclasses.TestCase3" name="test3" time="0.006">
    <failure type="java.lang.AssertionError" message="expected [true] but found [false]">
      <![CDATA[java.lang.AssertionError: expected [true] but found [false]
at TestNGclasses.TestCase3.test3(TestCase3.java:9)
at java.base/java.util.ArrayList.forEach(ArrayList.java:1507)
at Runner.TestRunner.main(TestRunner.java:14)
... Removed 28 stack frames]]>
    </failure>
  </testcase> <!-- test3 -->
</testsuite> <!-- Sprint1(failed) -->
